# JRE version: Java(TM) SE Runtime Environment (8.0_161-b12) (build 1.8.0_161-b12)
# Java VM: Java HotSpot(TM) 64-Bit Server VM (25.161-b12 mixed mode windows-amd64 compressed oops)
Heap:
 PSYoungGen      total 294912K, used 79523K [0x00000000d5f80000, 0x00000000eae00000, 0x0000000100000000)
  eden space 253952K, 16% used [0x00000000d5f80000,0x00000000d895e4d0,0x00000000e5780000)
  from space 40960K, 89% used [0x00000000e5780000,0x00000000e7b4aa18,0x00000000e7f80000)
  to   space 36352K, 0% used [0x00000000e7f80000,0x00000000e7f80000,0x00000000ea300000)
 ParOldGen       total 141312K, used 55656K [0x0000000081e00000, 0x000000008a800000, 0x00000000d5f80000)
  object space 141312K, 39% used [0x0000000081e00000,0x000000008545a0a8,0x000000008a800000)
 Metaspace       used 44609K, capacity 45366K, committed 45696K, reserved 1089536K
  class space    used 5268K, capacity 5481K, committed 5504K, reserved 1048576K
GC Heap History (10 events):
Event: 20.227 GC heap before
{Heap before GC invocations=9 (full 1):
 PSYoungGen      total 143872K, used 143846K [0x00000000d5f80000, 0x00000000e4c80000, 0x0000000100000000)
  eden space 133120K, 100% used [0x00000000d5f80000,0x00000000de180000,0x00000000de180000)
  from space 10752K, 99% used [0x00000000de180000,0x00000000debf98f0,0x00000000dec00000)
  to   space 17920K, 0% used [0x00000000e3b00000,0x00000000e3b00000,0x00000000e4c80000)
 ParOldGen       total 64512K, used 25065K [0x0000000081e00000, 0x0000000085d00000, 0x00000000d5f80000)
  object space 64512K, 38% used [0x0000000081e00000,0x000000008367a5a0,0x0000000085d00000)
 Metaspace       used 28690K, capacity 29386K, committed 29568K, reserved 1075200K
  class space    used 3395K, capacity 3592K, committed 3712K, reserved 1048576K
Event: 20.314 GC heap after
Heap after GC invocations=9 (full 1):
 PSYoungGen      total 217088K, used 17912K [0x00000000d5f80000, 0x00000000e5980000, 0x0000000100000000)
  eden space 199168K, 0% used [0x00000000d5f80000,0x00000000d5f80000,0x00000000e2200000)
  from space 17920K, 99% used [0x00000000e3b00000,0x00000000e4c7e1b0,0x00000000e4c80000)
  to   space 25600K, 0% used [0x00000000e2200000,0x00000000e2200000,0x00000000e3b00000)
 ParOldGen       total 64512K, used 36314K [0x0000000081e00000, 0x0000000085d00000, 0x00000000d5f80000)
  object space 64512K, 56% used [0x0000000081e00000,0x0000000084176978,0x0000000085d00000)
 Metaspace       used 28690K, capacity 29386K, committed 29568K, reserved 1075200K
  class space    used 3395K, capacity 3592K, committed 3712K, reserved 1048576K
}
Event: 26.396 GC heap before
{Heap before GC invocations=10 (full 1):
 PSYoungGen      total 217088K, used 217080K [0x00000000d5f80000, 0x00000000e5980000, 0x0000000100000000)
  eden space 199168K, 100% used [0x00000000d5f80000,0x00000000e2200000,0x00000000e2200000)
  from space 17920K, 99% used [0x00000000e3b00000,0x00000000e4c7e1b0,0x00000000e4c80000)
  to   space 25600K, 0% used [0x00000000e2200000,0x00000000e2200000,0x00000000e3b00000)
 ParOldGen       total 64512K, used 36314K [0x0000000081e00000, 0x0000000085d00000, 0x00000000d5f80000)
  object space 64512K, 56% used [0x0000000081e00000,0x0000000084176978,0x0000000085d00000)
 Metaspace       used 28701K, capacity 29390K, committed 29568K, reserved 1075200K
  class space    used 3396K, capacity 3592K, committed 3712K, reserved 1048576K
Event: 26.452 GC heap after
Heap after GC invocations=10 (full 1):
 PSYoungGen      total 224768K, used 25575K [0x00000000d5f80000, 0x00000000ea300000, 0x0000000100000000)
  eden space 199168K, 0% used [0x00000000d5f80000,0x00000000d5f80000,0x00000000e2200000)
  from space 25600K, 99% used [0x00000000e2200000,0x00000000e3af9e20,0x00000000e3b00000)
  to   space 36352K, 0% used [0x00000000e7f80000,0x00000000e7f80000,0x00000000ea300000)
 ParOldGen       total 64512K, used 53197K [0x0000000081e00000, 0x0000000085d00000, 0x00000000d5f80000)
  object space 64512K, 82% used [0x0000000081e00000,0x00000000851f36c8,0x0000000085d00000)
 Metaspace       used 28701K, capacity 29390K, committed 29568K, reserved 1075200K
  class space    used 3396K, capacity 3592K, committed 3712K, reserved 1048576K
}
Event: 26.452 GC heap before
{Heap before GC invocations=11 (full 2):
 PSYoungGen      total 224768K, used 25575K [0x00000000d5f80000, 0x00000000ea300000, 0x0000000100000000)
  eden space 199168K, 0% used [0x00000000d5f80000,0x00000000d5f80000,0x00000000e2200000)
  from space 25600K, 99% used [0x00000000e2200000,0x00000000e3af9e20,0x00000000e3b00000)
  to   space 36352K, 0% used [0x00000000e7f80000,0x00000000e7f80000,0x00000000ea300000)
 ParOldGen       total 64512K, used 53197K [0x0000000081e00000, 0x0000000085d00000, 0x00000000d5f80000)
  object space 64512K, 82% used [0x0000000081e00000,0x00000000851f36c8,0x0000000085d00000)
 Metaspace       used 28701K, capacity 29390K, committed 29568K, reserved 1075200K
  class space    used 3396K, capacity 3592K, committed 3712K, reserved 1048576K
Event: 26.762 GC heap after
Heap after GC invocations=11 (full 2):
 PSYoungGen      total 224768K, used 0K [0x00000000d5f80000, 0x00000000ea300000, 0x0000000100000000)
  eden space 199168K, 0% used [0x00000000d5f80000,0x00000000d5f80000,0x00000000e2200000)
  from space 25600K, 0% used [0x00000000e2200000,0x00000000e2200000,0x00000000e3b00000)
  to   space 36352K, 0% used [0x00000000e7f80000,0x00000000e7f80000,0x00000000ea300000)
 ParOldGen       total 141312K, used 55648K [0x0000000081e00000, 0x000000008a800000, 0x00000000d5f80000)
  object space 141312K, 39% used [0x0000000081e00000,0x00000000854580a8,0x000000008a800000)
 Metaspace       used 28701K, capacity 29390K, committed 29568K, reserved 1075200K
  class space    used 3396K, capacity 3592K, committed 3712K, reserved 1048576K
}
Event: 31.006 GC heap before
{Heap before GC invocations=12 (full 2):
 PSYoungGen      total 224768K, used 199168K [0x00000000d5f80000, 0x00000000ea300000, 0x0000000100000000)
  eden space 199168K, 100% used [0x00000000d5f80000,0x00000000e2200000,0x00000000e2200000)
  from space 25600K, 0% used [0x00000000e2200000,0x00000000e2200000,0x00000000e3b00000)
  to   space 36352K, 0% used [0x00000000e7f80000,0x00000000e7f80000,0x00000000ea300000)
 ParOldGen       total 141312K, used 55648K [0x0000000081e00000, 0x000000008a800000, 0x00000000d5f80000)
  object space 141312K, 39% used [0x0000000081e00000,0x00000000854580a8,0x000000008a800000)
 Metaspace       used 28710K, capacity 29400K, committed 29568K, reserved 1075200K
  class space    used 3397K, capacity 3594K, committed 3712K, reserved 1048576K
Event: 31.079 GC heap after
Heap after GC invocations=12 (full 2):
 PSYoungGen      total 290304K, used 32657K [0x00000000d5f80000, 0x00000000eae00000, 0x0000000100000000)
  eden space 253952K, 0% used [0x00000000d5f80000,0x00000000d5f80000,0x00000000e5780000)
  from space 36352K, 89% used [0x00000000e7f80000,0x00000000e9f647c8,0x00000000ea300000)
  to   space 40960K, 0% used [0x00000000e5780000,0x00000000e5780000,0x00000000e7f80000)
 ParOldGen       total 141312K, used 55648K [0x0000000081e00000, 0x000000008a800000, 0x00000000d5f80000)
  object space 141312K, 39% used [0x0000000081e00000,0x00000000854580a8,0x000000008a800000)
 Metaspace       used 28710K, capacity 29400K, committed 29568K, reserved 1075200K
  class space    used 3397K, capacity 3594K, committed 3712K, reserved 1048576K
}
Event: 585.668 GC heap before
{Heap before GC invocations=13 (full 2):
 PSYoungGen      total 290304K, used 286609K [0x00000000d5f80000, 0x00000000eae00000, 0x0000000100000000)
  eden space 253952K, 100% used [0x00000000d5f80000,0x00000000e5780000,0x00000000e5780000)
  from space 36352K, 89% used [0x00000000e7f80000,0x00000000e9f647c8,0x00000000ea300000)
  to   space 40960K, 0% used [0x00000000e5780000,0x00000000e5780000,0x00000000e7f80000)
 ParOldGen       total 141312K, used 55648K [0x0000000081e00000, 0x000000008a800000, 0x00000000d5f80000)
  object space 141312K, 39% used [0x0000000081e00000,0x00000000854580a8,0x000000008a800000)
 Metaspace       used 42201K, capacity 43018K, committed 43264K, reserved 1087488K
  class space    used 5025K, capacity 5255K, committed 5376K, reserved 1048576K
Event: 585.789 GC heap after
Heap after GC invocations=13 (full 2):
 PSYoungGen      total 294912K, used 36650K [0x00000000d5f80000, 0x00000000eae00000, 0x0000000100000000)
  eden space 253952K, 0% used [0x00000000d5f80000,0x00000000d5f80000,0x00000000e5780000)
  from space 40960K, 89% used [0x00000000e5780000,0x00000000e7b4aa18,0x00000000e7f80000)
  to   space 36352K, 0% used [0x00000000e7f80000,0x00000000e7f80000,0x00000000ea300000)
 ParOldGen       total 141312K, used 55656K [0x0000000081e00000, 0x000000008a800000, 0x00000000d5f80000)
  object space 141312K, 39% used [0x0000000081e00000,0x000000008545a0a8,0x000000008a800000)
 Metaspace       used 42201K, capacity 43018K, committed 43264K, reserved 1087488K
  class space    used 5025K, capacity 5255K, committed 5376K, reserved 1048576K
}

